
> docs@0.0.0 build
> docusaurus build

[INFO] [pt] Creating an optimized production build...
[webpackbar] ℹ Compiling Client
[webpackbar] ℹ Compiling Server
[webpackbar] ✔ Server: Compiled successfully in 7.21s
[webpackbar] ✔ Client: Compiled successfully in 9.14s

[ERROR] Error: Unable to build website for locale pt.
    at tryToBuildLocale (/home/cornelio-teixeira/Documentos/devmaster/geolocation-ao/docs/node_modules/@docusaurus/core/lib/commands/build/build.js:83:15)
    at async /home/cornelio-teixeira/Documentos/devmaster/geolocation-ao/docs/node_modules/@docusaurus/core/lib/commands/build/build.js:35:9
    at async mapAsyncSequential (/home/cornelio-teixeira/Documentos/devmaster/geolocation-ao/docs/node_modules/@docusaurus/utils/lib/jsUtils.js:21:24)
    at async Command.build (/home/cornelio-teixeira/Documentos/devmaster/geolocation-ao/docs/node_modules/@docusaurus/core/lib/commands/build/build.js:34:5)
    at async Promise.all (index 0)
    at async runCLI (/home/cornelio-teixeira/Documentos/devmaster/geolocation-ao/docs/node_modules/@docusaurus/core/lib/commands/cli.js:56:5)
    at async file:///home/cornelio-teixeira/Documentos/devmaster/geolocation-ao/docs/node_modules/@docusaurus/core/bin/docusaurus.mjs:44:3 {
  [cause]: Error: Docusaurus found broken links!
  
  Please check the pages of your site in the list below, and make sure you don't reference any path that does not exist.
  Note: it's possible to ignore broken links with the 'onBrokenLinks' Docusaurus configuration, and let the build pass.
  
  It looks like some of the broken links we found appear in many pages of your site.
  Maybe those broken links appear on all pages through your site layout?
  We recommend that you check your theme configuration for such links (particularly, theme navbar and footer).
  Frequent broken links are linking to:
  - /geolocation-ao/docs/cli
  - /geolocation-ao/docs/exemplos
  - /geolocation-ao/docs/referencias
  
  Exhaustive list of all broken links found:
  - Broken link on source page path = /geolocation-ao/404.html:
     -> linking to /geolocation-ao/docs/cli
     -> linking to /geolocation-ao/docs/exemplos
     -> linking to /geolocation-ao/docs/referencias
  - Broken link on source page path = /geolocation-ao/blog:
     -> linking to /geolocation-ao/docs/cli
     -> linking to /geolocation-ao/docs/exemplos
     -> linking to /geolocation-ao/docs/referencias
  - Broken link on source page path = /geolocation-ao/blog/archive:
     -> linking to /geolocation-ao/docs/cli
     -> linking to /geolocation-ao/docs/exemplos
     -> linking to /geolocation-ao/docs/referencias
  - Broken link on source page path = /geolocation-ao/blog/authors:
     -> linking to /geolocation-ao/docs/cli
     -> linking to /geolocation-ao/docs/exemplos
     -> linking to /geolocation-ao/docs/referencias
  - Broken link on source page path = /geolocation-ao/blog/bem-vindo:
     -> linking to /geolocation-ao/docs/cli
     -> linking to /geolocation-ao/docs/exemplos
     -> linking to /geolocation-ao/docs/referencias
  - Broken link on source page path = /geolocation-ao/blog/tags:
     -> linking to /geolocation-ao/docs/cli
     -> linking to /geolocation-ao/docs/exemplos
     -> linking to /geolocation-ao/docs/referencias
  - Broken link on source page path = /geolocation-ao/blog/tags/blog/tags/angola:
     -> linking to /geolocation-ao/docs/cli
     -> linking to /geolocation-ao/docs/exemplos
     -> linking to /geolocation-ao/docs/referencias
  - Broken link on source page path = /geolocation-ao/blog/tags/blog/tags/geo:
     -> linking to /geolocation-ao/docs/cli
     -> linking to /geolocation-ao/docs/exemplos
     -> linking to /geolocation-ao/docs/referencias
  - Broken link on source page path = /geolocation-ao/blog/tags/blog/tags/release:
     -> linking to /geolocation-ao/docs/cli
     -> linking to /geolocation-ao/docs/exemplos
     -> linking to /geolocation-ao/docs/referencias
  - Broken link on source page path = /geolocation-ao/markdown-page:
     -> linking to /geolocation-ao/docs/cli
     -> linking to /geolocation-ao/docs/exemplos
     -> linking to /geolocation-ao/docs/referencias
  - Broken link on source page path = /geolocation-ao/docs/api/overview:
     -> linking to /geolocation-ao/docs/cli
     -> linking to /geolocation-ao/docs/exemplos
     -> linking to /geolocation-ao/docs/referencias
  - Broken link on source page path = /geolocation-ao/docs/api/reference:
     -> linking to /geolocation-ao/docs/cli
     -> linking to /geolocation-ao/docs/exemplos
     -> linking to /geolocation-ao/docs/referencias
  - Broken link on source page path = /geolocation-ao/docs/cli/overview:
     -> linking to ./comandos.md (resolved as: /geolocation-ao/docs/cli/comandos.md)
     -> linking to ./exemplos.md (resolved as: /geolocation-ao/docs/cli/exemplos.md)
     -> linking to /geolocation-ao/docs/cli
     -> linking to /geolocation-ao/docs/exemplos
     -> linking to /geolocation-ao/docs/referencias
  - Broken link on source page path = /geolocation-ao/docs/guia-rapido:
     -> linking to ./exemplos/basico.md (resolved as: /geolocation-ao/docs/exemplos/basico.md)
     -> linking to /geolocation-ao/docs/cli
     -> linking to /geolocation-ao/docs/exemplos
     -> linking to /geolocation-ao/docs/referencias
  - Broken link on source page path = /geolocation-ao/docs/instalacao:
     -> linking to /geolocation-ao/docs/cli
     -> linking to /geolocation-ao/docs/exemplos
     -> linking to /geolocation-ao/docs/referencias
  - Broken link on source page path = /geolocation-ao/docs/intro:
     -> linking to /geolocation-ao/docs/cli
     -> linking to /geolocation-ao/docs/exemplos
     -> linking to /geolocation-ao/docs/referencias
  - Broken link on source page path = /geolocation-ao/:
     -> linking to /geolocation-ao/docs/cli
     -> linking to /geolocation-ao/docs/exemplos
     -> linking to /geolocation-ao/docs/referencias
  
      at throwError (/home/cornelio-teixeira/Documentos/devmaster/geolocation-ao/docs/node_modules/@docusaurus/logger/lib/logger.js:80:11)
      at reportBrokenLinks (/home/cornelio-teixeira/Documentos/devmaster/geolocation-ao/docs/node_modules/@docusaurus/core/lib/server/brokenLinks.js:250:47)
      at handleBrokenLinks (/home/cornelio-teixeira/Documentos/devmaster/geolocation-ao/docs/node_modules/@docusaurus/core/lib/server/brokenLinks.js:282:5)
      at executeBrokenLinksCheck (/home/cornelio-teixeira/Documentos/devmaster/geolocation-ao/docs/node_modules/@docusaurus/core/lib/commands/build/buildLocale.js:119:47)
      at /home/cornelio-teixeira/Documentos/devmaster/geolocation-ao/docs/node_modules/@docusaurus/core/lib/commands/build/buildLocale.js:94:67
      at Object.async (/home/cornelio-teixeira/Documentos/devmaster/geolocation-ao/docs/node_modules/@docusaurus/logger/lib/perfLogger.js:42:47)
      at buildLocale (/home/cornelio-teixeira/Documentos/devmaster/geolocation-ao/docs/node_modules/@docusaurus/core/lib/commands/build/buildLocale.js:94:31)
      at async runBuildLocaleTask (/home/cornelio-teixeira/Documentos/devmaster/geolocation-ao/docs/node_modules/@docusaurus/core/lib/commands/build/build.js:98:5)
      at async /home/cornelio-teixeira/Documentos/devmaster/geolocation-ao/docs/node_modules/@docusaurus/core/lib/commands/build/build.js:79:13
      at async tryToBuildLocale (/home/cornelio-teixeira/Documentos/devmaster/geolocation-ao/docs/node_modules/@docusaurus/core/lib/commands/build/build.js:75:9)
}
[INFO] Docusaurus version: 3.9.2
Node version: v24.11.1
